<?xml version="1.0" encoding="UTF-8"?>
<testsuite xmlns:xsi="http://www.w3.org/2001/XMLSchema-instance" xsi:noNamespaceSchemaLocation="https://maven.apache.org/surefire/maven-surefire-plugin/xsd/surefire-test-report-3.0.xsd" version="3.0" name="com.example.kafka.producer.KafkaWithSpringBootApplicationTests" time="6.923" tests="1" errors="0" skipped="0" failures="0">
  <properties>
[...]
</properties>
  <testcase name="contextLoads" classname="com.example.kafka.producer.KafkaWithSpringBootApplicationTests" time="1.837">
    <system-out><![CDATA[15:33:54.211 [main] INFO org.springframework.test.context.support.AnnotationConfigContextLoaderUtils -- Could not detect default configuration classes for test class [com.example.kafka.producer.KafkaWithSpringBootApplicationTests]: KafkaWithSpringBootApplicationTests does not declare any static, non-private, non-final, nested classes annotated with @Configuration.
15:33:54.431 [main] INFO org.springframework.boot.test.context.SpringBootTestContextBootstrapper -- Found @SpringBootConfiguration com.example.kafka.producer.KafkaWithSpringBootApplication for test class com.example.kafka.producer.KafkaWithSpringBootApplicationTests

  .   ____          _            __ _ _
 /\\ / ___'_ __ _ _(_)_ __  __ _ \ \ \ \
( ( )\___ | '_ | '_| | '_ \/ _` | \ \ \ \
 \\/  ___)| |_)| | | | | || (_| |  ) ) ) )
  '  |____| .__|_| |_|_| |_\__, | / / / /
 =========|_|==============|___/=/_/_/_/

 :: Spring Boot ::                (v3.3.2)

2024-08-17T15:33:55.231+03:00  INFO 54368 --- [kafka-with-spring-boot] [           main] .k.p.KafkaWithSpringBootApplicationTests : Starting KafkaWithSpringBootApplicationTests using Java 21.0.4 with PID 54368 (started by caner in /home/caner/Projeler/kafka/producer)
2024-08-17T15:33:55.233+03:00  INFO 54368 --- [kafka-with-spring-boot] [           main] .k.p.KafkaWithSpringBootApplicationTests : No active profile set, falling back to 1 default profile: "default"
2024-08-17T15:33:56.882+03:00  INFO 54368 --- [kafka-with-spring-boot] [           main] o.a.k.clients.producer.ProducerConfig    : ProducerConfig values: 
	acks = -1
	auto.include.jmx.reporter = true
	batch.size = 16384
	bootstrap.servers = [localhost:9092]
	buffer.memory = 33554432
	client.dns.lookup = use_all_dns_ips
	client.id = kafka-with-spring-boot-producer-1
	compression.type = none
	connections.max.idle.ms = 540000
	delivery.timeout.ms = 120000
	enable.idempotence = true
	enable.metrics.push = true
	interceptor.classes = []
	key.serializer = class org.apache.kafka.common.serialization.StringSerializer
	linger.ms = 0
	max.block.ms = 60000
	max.in.flight.requests.per.connection = 5
	max.request.size = 1048576
	metadata.max.age.ms = 300000
	metadata.max.idle.ms = 300000
	metric.reporters = []
	metrics.num.samples = 2
	metrics.recording.level = INFO
	metrics.sample.window.ms = 30000
	partitioner.adaptive.partitioning.enable = true
	partitioner.availability.timeout.ms = 0
	partitioner.class = null
	partitioner.ignore.keys = false
	receive.buffer.bytes = 32768
	reconnect.backoff.max.ms = 1000
	reconnect.backoff.ms = 50
	request.timeout.ms = 30000
	retries = 2147483647
	retry.backoff.max.ms = 1000
	retry.backoff.ms = 100
	sasl.client.callback.handler.class = null
	sasl.jaas.config = null
	sasl.kerberos.kinit.cmd = /usr/bin/kinit
	sasl.kerberos.min.time.before.relogin = 60000
	sasl.kerberos.service.name = null
	sasl.kerberos.ticket.renew.jitter = 0.05
	sasl.kerberos.ticket.renew.window.factor = 0.8
	sasl.login.callback.handler.class = null
	sasl.login.class = null
	sasl.login.connect.timeout.ms = null
	sasl.login.read.timeout.ms = null
	sasl.login.refresh.buffer.seconds = 300
	sasl.login.refresh.min.period.seconds = 60
	sasl.login.refresh.window.factor = 0.8
	sasl.login.refresh.window.jitter = 0.05
	sasl.login.retry.backoff.max.ms = 10000
	sasl.login.retry.backoff.ms = 100
	sasl.mechanism = GSSAPI
	sasl.oauthbearer.clock.skew.seconds = 30
	sasl.oauthbearer.expected.audience = null
	sasl.oauthbearer.expected.issuer = null
	sasl.oauthbearer.jwks.endpoint.refresh.ms = 3600000
	sasl.oauthbearer.jwks.endpoint.retry.backoff.max.ms = 10000
	sasl.oauthbearer.jwks.endpoint.retry.backoff.ms = 100
	sasl.oauthbearer.jwks.endpoint.url = null
	sasl.oauthbearer.scope.claim.name = scope
	sasl.oauthbearer.sub.claim.name = sub
	sasl.oauthbearer.token.endpoint.url = null
	security.protocol = PLAINTEXT
	security.providers = null
	send.buffer.bytes = 131072
	socket.connection.setup.timeout.max.ms = 30000
	socket.connection.setup.timeout.ms = 10000
	ssl.cipher.suites = null
	ssl.enabled.protocols = [TLSv1.2, TLSv1.3]
	ssl.endpoint.identification.algorithm = https
	ssl.engine.factory.class = null
	ssl.key.password = null
	ssl.keymanager.algorithm = SunX509
	ssl.keystore.certificate.chain = null
	ssl.keystore.key = null
	ssl.keystore.location = null
	ssl.keystore.password = null
	ssl.keystore.type = JKS
	ssl.protocol = TLSv1.3
	ssl.provider = null
	ssl.secure.random.implementation = null
	ssl.trustmanager.algorithm = PKIX
	ssl.truststore.certificates = null
	ssl.truststore.location = null
	ssl.truststore.password = null
	ssl.truststore.type = JKS
	transaction.timeout.ms = 60000
	transactional.id = null
	value.serializer = class org.springframework.kafka.support.serializer.JsonSerializer

2024-08-17T15:33:56.980+03:00  INFO 54368 --- [kafka-with-spring-boot] [           main] o.a.k.c.t.i.KafkaMetricsCollector        : initializing Kafka metrics collector
2024-08-17T15:33:57.495+03:00  INFO 54368 --- [kafka-with-spring-boot] [           main] o.a.k.clients.producer.KafkaProducer     : [Producer clientId=kafka-with-spring-boot-producer-1] Instantiated an idempotent producer.
2024-08-17T15:33:57.615+03:00  INFO 54368 --- [kafka-with-spring-boot] [           main] o.a.kafka.common.utils.AppInfoParser     : Kafka version: 3.7.1
2024-08-17T15:33:57.616+03:00  INFO 54368 --- [kafka-with-spring-boot] [           main] o.a.kafka.common.utils.AppInfoParser     : Kafka commitId: e2494e6ffb89f828
2024-08-17T15:33:57.617+03:00  INFO 54368 --- [kafka-with-spring-boot] [           main] o.a.kafka.common.utils.AppInfoParser     : Kafka startTimeMs: 1723898037612
2024-08-17T15:33:58.172+03:00  INFO 54368 --- [kafka-with-spring-boot] [boot-producer-1] org.apache.kafka.clients.Metadata        : [Producer clientId=kafka-with-spring-boot-producer-1] Cluster ID: UuwkuHlFRdSDqDQ1GePAnw
2024-08-17T15:33:58.173+03:00  INFO 54368 --- [kafka-with-spring-boot] [boot-producer-1] o.a.k.c.p.internals.TransactionManager   : [Producer clientId=kafka-with-spring-boot-producer-1] ProducerId set to 10 with epoch 0
Message sent to kafka successfully : [com.example.kafka.producer.dto.Response@27a09971, com.example.kafka.producer.dto.Response@6215366a, com.example.kafka.producer.dto.Response@46dcbeab, com.example.kafka.producer.dto.Response@36e43829, com.example.kafka.producer.dto.Response@152c4495]
2024-08-17T15:33:58.954+03:00  INFO 54368 --- [kafka-with-spring-boot] [           main] .k.p.KafkaWithSpringBootApplicationTests : Started KafkaWithSpringBootApplicationTests in 4.218 seconds (process running for 6.613)
]]></system-out>
    <system-err><![CDATA[Aug 17, 2024 3:33:52 PM org.junit.platform.launcher.core.LauncherConfigurationParameters loadClasspathResource
WARNING: Discovered 2 'junit-platform.properties' configuration files in the classpath; only the first will be used.
Aug 17, 2024 3:33:53 PM org.junit.platform.launcher.core.LauncherConfigurationParameters loadClasspathResource
WARNING: Discovered 2 'junit-platform.properties' configuration files in the classpath; only the first will be used.
Aug 17, 2024 3:33:53 PM org.junit.platform.launcher.core.LauncherConfigurationParameters loadClasspathResource
WARNING: Discovered 2 'junit-platform.properties' configuration files in the classpath; only the first will be used.
WARNING: A Java agent has been loaded dynamically (/home/caner/.m2/repository/net/bytebuddy/byte-buddy-agent/1.14.18/byte-buddy-agent-1.14.18.jar)
WARNING: If a serviceability tool is in use, please run with -XX:+EnableDynamicAgentLoading to hide this warning
WARNING: If a serviceability tool is not in use, please run with -Djdk.instrument.traceUsage for more information
WARNING: Dynamic loading of agents will be disallowed by default in a future release
]]></system-err>
  </testcase>
</testsuite>